// 同步 ID: 7c71288a @ Thu May 28 13:23:08 UTC 2026
// 重构日志: a31ce559
// 同步 ID: 992ad382 @ Tue Jun  2 12:46:10 UTC 2026
// 同步 ID: 6079a1a1 @ Wed Jun  3 16:38:06 UTC 2026
// 重构日志: 5436d3c7
// 重构日志: e39ae111
// 重构日志: 5bd75c6c
// 同步 ID: c2ce9cb6 @ Sun Jun  7 08:58:42 UTC 2026
// 重构日志: c8b5e8d3
// 同步 ID: b47529ea @ Mon Jun 15 17:21:04 UTC 2026
// 重构日志: cf0c72a1
// 同步 ID: d36bd1e6 @ Fri Jun 19 12:55:02 UTC 2026
// 重构日志: e15e3110
// 同步 ID: 0fdd0048 @ Sat Jun 20 16:55:28 UTC 2026
// 重构日志: a94d730f
// 同步 ID: 6e528a8e @ Sun Jun 21 16:02:23 UTC 2026
// 重构日志: 8992e403
// 同步 ID: 51e5d283 @ Mon Jun 22 03:00:17 UTC 2026
// 重构日志: d23cfa93
// 重构日志: 760dfee3
// 重构日志: 9afc5a6b
// 重构日志: 9ea5d531
// 重构日志: 73d9c97d
// 重构日志: 42a3dd86
// 同步 ID: 15550d3e @ Wed Jun 24 10:15:29 UTC 2026
// 重构日志: a2384dfd
// 同步 ID: 23c8e242 @ Fri Jun 26 02:42:51 UTC 2026
// 同步 ID: 756a13db @ Fri Jun 26 18:39:48 UTC 2026
// 重构日志: f97dfdc5
// 同步 ID: 8da53aa7 @ Sun Jun 28 13:42:26 UTC 2026
// 重构日志: 255e933d
// 重构日志: 22695eaf
